[    22.733] (--) Log file renamed from "/home/guest/.local/share/xorg/Xorg.pid-974.log" to "/home/guest/.local/share/xorg/Xorg.0.log"
[    22.753] 
X.Org X Server 1.20.13
X Protocol Version 11, Revision 0
[    22.753] Build Operating System: linux Ubuntu
[    22.753] Current Operating System: Linux Ubuntu 5.15.0-136-generic #147~20.04.1-Ubuntu SMP Wed Mar 19 16:13:14 UTC 2025 x86_64
[    22.753] Kernel command line: BOOT_IMAGE=/boot/vmlinuz-5.15.0-136-generic root=UUID=58c4e481-efaf-43d9-a8aa-d6ffcc70915d ro quiet splash
[    22.754] Build Date: 04 March 2025  05:35:23AM
[    22.754] xorg-server 2:1.20.13-1ubuntu1~20.04.20 (For technical support please see http://www.ubuntu.com/support) 
[    22.754] Current version of pixman: 0.38.4
[    22.754] 	Before reporting problems, check http://wiki.x.org
	to make sure that you have the latest version.
[    22.754] Markers: (--) probed, (**) from config file, (==) default setting,
	(++) from command line, (!!) notice, (II) informational,
	(WW) warning, (EE) error, (NI) not implemented, (??) unknown.
[    22.754] (==) Log file: "/home/guest/.local/share/xorg/Xorg.0.log", Time: Fri May 30 10:39:44 2025
[    22.795] (==) Using system config directory "/usr/share/X11/xorg.conf.d"
[    22.865] (==) No Layout section.  Using the first Screen section.
[    22.865] (==) No screen section available. Using defaults.
[    22.865] (**) |-->Screen "Default Screen Section" (0)
[    22.865] (**) |   |-->Monitor "<default monitor>"
[    22.875] (==) No monitor specified for screen "Default Screen Section".
	Using a default monitor configuration.
[    22.875] (==) Automatically adding devices
[    22.875] (==) Automatically enabling devices
[    22.875] (==) Automatically adding GPU devices
[    22.875] (==) Automatically binding GPU devices
[    22.875] (==) Max clients allowed: 256, resource mask: 0x1fffff
[    22.975] (WW) The directory "/usr/share/fonts/X11/cyrillic" does not exist.
[    22.975] 	Entry deleted from font path.
[    22.975] (WW) The directory "/usr/share/fonts/X11/100dpi/" does not exist.
[    22.975] 	Entry deleted from font path.
[    22.975] (WW) The directory "/usr/share/fonts/X11/75dpi/" does not exist.
[    22.975] 	Entry deleted from font path.
[    22.977] (WW) The directory "/usr/share/fonts/X11/100dpi" does not exist.
[    22.977] 	Entry deleted from font path.
[    22.977] (WW) The directory "/usr/share/fonts/X11/75dpi" does not exist.
[    22.977] 	Entry deleted from font path.
[    22.977] (==) FontPath set to:
	/usr/share/fonts/X11/misc,
	/usr/share/fonts/X11/Type1,
	built-ins
[    22.977] (==) ModulePath set to "/usr/lib/xorg/modules"
[    22.977] (II) The server relies on udev to provide the list of input devices.
	If no devices become available, reconfigure udev or disable AutoAddDevices.
[    22.977] (II) Loader magic: 0x560690a63020
[    22.977] (II) Module ABI versions:
[    22.977] 	X.Org ANSI C Emulation: 0.4
[    22.977] 	X.Org Video Driver: 24.1
[    22.977] 	X.Org XInput driver : 24.1
[    22.977] 	X.Org Server Extension : 10.0
[    22.978] (++) using VT number 2

[    22.981] (II) systemd-logind: took control of session /org/freedesktop/login1/session/_32
[    22.982] (II) xfree86: Adding drm device (/dev/dri/card0)
[    22.982] (II) systemd-logind: got fd for /dev/dri/card0 226:0 fd 12 paused 0
[    22.984] (--) PCI:*(0@0:2:0) 15ad:0405:15ad:0405 rev 0, Mem @ 0xe0000000/16777216, 0xf0000000/2097152, I/O @ 0x0000d010/16, BIOS @ 0x????????/131072
[    22.994] (II) LoadModule: "glx"
[    23.038] (II) Loading /usr/lib/xorg/modules/extensions/libglx.so
[    23.193] (II) Module glx: vendor="X.Org Foundation"
[    23.193] 	compiled for 1.20.13, module version = 1.0.0
[    23.193] 	ABI class: X.Org Server Extension, version 10.0
[    23.193] (==) Matched vmware as autoconfigured driver 0
[    23.193] (==) Matched modesetting as autoconfigured driver 1
[    23.193] (==) Matched fbdev as autoconfigured driver 2
[    23.193] (==) Matched vesa as autoconfigured driver 3
[    23.193] (==) Assigned the driver to the xf86ConfigLayout
[    23.193] (II) LoadModule: "vmware"
[    23.193] (II) Loading /usr/lib/xorg/modules/drivers/vmware_drv.so
[    25.199] (II) Module vmware: vendor="X.Org Foundation"
[    25.199] 	compiled for 1.20.8, module version = 13.3.0
[    25.199] 	Module class: X.Org Video Driver
[    25.199] 	ABI class: X.Org Video Driver, version 24.1
[    25.199] (II) LoadModule: "modesetting"
[    25.200] (II) Loading /usr/lib/xorg/modules/drivers/modesetting_drv.so
[    25.225] (II) Module modesetting: vendor="X.Org Foundation"
[    25.226] 	compiled for 1.20.13, module version = 1.20.13
[    25.226] 	Module class: X.Org Video Driver
[    25.226] 	ABI class: X.Org Video Driver, version 24.1
[    25.226] (II) LoadModule: "fbdev"
[    25.226] (II) Loading /usr/lib/xorg/modules/drivers/fbdev_drv.so
[    25.233] (II) Module fbdev: vendor="X.Org Foundation"
[    25.233] 	compiled for 1.20.1, module version = 0.5.0
[    25.233] 	Module class: X.Org Video Driver
[    25.233] 	ABI class: X.Org Video Driver, version 24.0
[    25.233] (II) LoadModule: "vesa"
[    25.234] (II) Loading /usr/lib/xorg/modules/drivers/vesa_drv.so
[    25.236] (II) Module vesa: vendor="X.Org Foundation"
[    25.236] 	compiled for 1.20.4, module version = 2.4.0
[    25.236] 	Module class: X.Org Video Driver
[    25.236] 	ABI class: X.Org Video Driver, version 24.0
[    25.236] (II) vmware: driver for VMware SVGA: vmware0405, vmware0710
[    25.236] (II) modesetting: Driver for Modesetting Kernel Drivers: kms
[    25.236] (II) FBDEV: driver for framebuffer: fbdev
[    25.236] (II) VESA: driver for VESA chipsets: vesa
[    25.236] xf86EnableIOPorts: failed to set IOPL for I/O (Operation not permitted)
[    25.236] (WW) Falling back to old probe method for modesetting
[    25.236] (WW) Falling back to old probe method for fbdev
[    25.236] (II) Loading sub module "fbdevhw"
[    25.236] (II) LoadModule: "fbdevhw"
[    25.236] (II) Loading /usr/lib/xorg/modules/libfbdevhw.so
[    25.250] (II) Module fbdevhw: vendor="X.Org Foundation"
[    25.250] 	compiled for 1.20.13, module version = 0.0.2
[    25.250] 	ABI class: X.Org Video Driver, version 24.1
[    25.250] (EE) open /dev/fb0: Permission denied
[    25.250] (WW) VGA arbiter: cannot open kernel arbiter, no multi-card support
[    25.250] (II) vmware(0): Creating default Display subsection in Screen section
	"Default Screen Section" for depth/fbbpp 24/32
[    25.250] (--) vmware(0): DRM driver version is 2.19.0
[    25.250] (==) vmware(0): Depth 24, (--) framebuffer bpp 32
[    25.250] (==) vmware(0): RGB weight 888
[    25.250] (==) vmware(0): Default visual is TrueColor
[    25.250] (--) vmware(0): Min width 1, Max Width 4096.
[    25.250] (--) vmware(0): Min height 1, Max Height 4096.
[    25.250] (II) vmware(0): Output Virtual1 has no monitor section
[    25.250] (II) vmware(0): Output Virtual2 has no monitor section
[    25.250] (II) vmware(0): Output Virtual3 has no monitor section
[    25.250] (II) vmware(0): Output Virtual4 has no monitor section
[    25.251] (II) vmware(0): Output Virtual5 has no monitor section
[    25.251] (II) vmware(0): Output Virtual6 has no monitor section
[    25.251] (II) vmware(0): Output Virtual7 has no monitor section
[    25.251] (II) vmware(0): Output Virtual8 has no monitor section
[    25.251] (II) vmware(0): Printing probed modes for output Virtual1
[    25.251] (II) vmware(0): Modeline "800x600"x60.0   42.75  800 850 900 950  600 650 700 750 -hsync +vsync (45.0 kHz eP)
[    25.251] (II) vmware(0): Modeline "1920x1440"x60.0  234.00  1920 2048 2256 2600  1440 1441 1444 1500 -hsync +vsync (90.0 kHz e)
[    25.251] (II) vmware(0): Modeline "1856x1392"x60.0  218.25  1856 1952 2176 2528  1392 1393 1396 1439 -hsync +vsync (86.3 kHz e)
[    25.251] (II) vmware(0): Modeline "1792x1344"x60.0  204.75  1792 1920 2120 2448  1344 1345 1348 1394 -hsync +vsync (83.6 kHz e)
[    25.251] (II) vmware(0): Modeline "1920x1200"x59.9  193.25  1920 2056 2256 2592  1200 1203 1209 1245 -hsync +vsync (74.6 kHz e)
[    25.251] (II) vmware(0): Modeline "1920x1080"x60.0  173.00  1920 2048 2248 2576  1080 1083 1088 1120 -hsync +vsync (67.2 kHz e)
[    25.251] (II) vmware(0): Modeline "1600x1200"x60.0  162.00  1600 1664 1856 2160  1200 1201 1204 1250 +hsync +vsync (75.0 kHz e)
[    25.251] (II) vmware(0): Modeline "1680x1050"x60.0  146.25  1680 1784 1960 2240  1050 1053 1059 1089 -hsync +vsync (65.3 kHz e)
[    25.251] (II) vmware(0): Modeline "1400x1050"x60.0  121.75  1400 1488 1632 1864  1050 1053 1057 1089 -hsync +vsync (65.3 kHz e)
[    25.251] (II) vmware(0): Modeline "1280x1024"x60.0  108.00  1280 1328 1440 1688  1024 1025 1028 1066 +hsync +vsync (64.0 kHz e)
[    25.251] (II) vmware(0): Modeline "1440x900"x59.9  106.50  1440 1520 1672 1904  900 903 909 934 -hsync +vsync (55.9 kHz e)
[    25.251] (II) vmware(0): Modeline "1280x960"x60.0  108.00  1280 1376 1488 1800  960 961 964 1000 +hsync +vsync (60.0 kHz e)
[    25.251] (II) vmware(0): Modeline "1360x768"x60.0   85.50  1360 1424 1536 1792  768 771 777 795 +hsync +vsync (47.7 kHz e)
[    25.251] (II) vmware(0): Modeline "1280x800"x59.8   83.50  1280 1352 1480 1680  800 803 809 831 +hsync -vsync (49.7 kHz e)
[    25.251] (II) vmware(0): Modeline "1152x864"x75.0  108.00  1152 1216 1344 1600  864 865 868 900 +hsync +vsync (67.5 kHz e)
[    25.252] (II) vmware(0): Modeline "1280x768"x59.9   79.50  1280 1344 1472 1664  768 771 778 798 -hsync +vsync (47.8 kHz e)
[    25.252] (II) vmware(0): Modeline "1280x720"x59.9   74.50  1280 1344 1472 1664  720 723 728 748 -hsync +vsync (44.8 kHz e)
[    25.252] (II) vmware(0): Modeline "1024x768"x60.0   65.00  1024 1048 1184 1344  768 771 777 806 -hsync -vsync (48.4 kHz e)
[    25.252] (II) vmware(0): Modeline "800x600"x60.3   40.00  800 840 968 1056  600 601 605 628 +hsync +vsync (37.9 kHz e)
[    25.252] (II) vmware(0): Modeline "640x480"x59.9   25.18  640 656 752 800  480 489 492 525 -hsync -vsync (31.5 kHz e)
[    25.252] (II) vmware(0): EDID for output Virtual2
[    25.252] (II) vmware(0): EDID for output Virtual3
[    25.252] (II) vmware(0): EDID for output Virtual4
[    25.252] (II) vmware(0): EDID for output Virtual5
[    25.252] (II) vmware(0): EDID for output Virtual6
[    25.252] (II) vmware(0): EDID for output Virtual7
[    25.252] (II) vmware(0): EDID for output Virtual8
[    25.252] (II) vmware(0): Output Virtual1 connected
[    25.252] (II) vmware(0): Output Virtual2 disconnected
[    25.252] (II) vmware(0): Output Virtual3 disconnected
[    25.252] (II) vmware(0): Output Virtual4 disconnected
[    25.252] (II) vmware(0): Output Virtual5 disconnected
[    25.252] (II) vmware(0): Output Virtual6 disconnected
[    25.252] (II) vmware(0): Output Virtual7 disconnected
[    25.252] (II) vmware(0): Output Virtual8 disconnected
[    25.252] (II) vmware(0): Using exact sizes for initial modes
[    25.252] (II) vmware(0): Output Virtual1 using initial mode 800x600 +0+0
[    25.252] (==) vmware(0): DPI set to (96, 96)
[    25.252] (==) vmware(0): Using gamma correction (1.0, 1.0, 1.0)
[    25.252] (II) Loading sub module "fb"
[    25.252] (II) LoadModule: "fb"
[    25.252] (II) Loading /usr/lib/xorg/modules/libfb.so
[    25.273] (II) Module fb: vendor="X.Org Foundation"
[    25.273] 	compiled for 1.20.13, module version = 1.0.0
[    25.273] 	ABI class: X.Org ANSI C Emulation, version 0.4
[    25.273] (II) Loading sub module "dri2"
[    25.273] (II) LoadModule: "dri2"
[    25.273] (II) Module "dri2" already built-in
[    25.273] (II) Loading sub module "dri3"
[    25.273] (II) LoadModule: "dri3"
[    25.273] (II) Module "dri3" already built-in
[    25.273] (II) UnloadModule: "modesetting"
[    25.273] (II) Unloading modesetting
[    25.273] (II) UnloadModule: "fbdev"
[    25.273] (II) Unloading fbdev
[    25.273] (II) UnloadSubModule: "fbdevhw"
[    25.273] (II) Unloading fbdevhw
[    25.273] (II) UnloadModule: "vesa"
[    25.273] (II) Unloading vesa
[    25.282] (II) vmware(0): Initialized VMWARE_CTRL extension version 0.2
[    25.323] (WW) vmware(0): Failed to initialize Gallium3D Xa. No render acceleration available.
[    25.323] (WW) vmware(0): Skipped initialization of direct rendering due to lack of render acceleration.
[    25.323] (--) vmware(0): Render acceleration is disabled.
[    25.323] (==) vmware(0): Rendercheck mode is disabled.
[    25.324] (--) vmware(0): Direct rendering (DRI2 3D) is disabled.
[    25.324] (--) vmware(0): Direct rendering (DRI3 3D) is disabled.
[    25.324] (==) vmware(0): Backing store enabled
[    25.324] (==) vmware(0): Silken mouse enabled
[    25.327] (==) vmware(0): DPMS enabled
[    25.327] (II) vmware(0): No 3D acceleration. Not setting up textured video.
[    25.327] (WW) vmware(0): Disabling Xv because no adaptors could be initialized.
[    25.327] (II) Initializing extension Generic Event Extension
[    25.327] (II) Initializing extension SHAPE
[    25.327] (II) Initializing extension MIT-SHM
[    25.328] (II) Initializing extension XInputExtension
[    25.329] (II) Initializing extension XTEST
[    25.329] (II) Initializing extension BIG-REQUESTS
[    25.330] (II) Initializing extension SYNC
[    25.330] (II) Initializing extension XKEYBOARD
[    25.330] (II) Initializing extension XC-MISC
[    25.330] (II) Initializing extension SECURITY
[    25.331] (II) Initializing extension XFIXES
[    25.331] (II) Initializing extension RENDER
[    25.331] (II) Initializing extension RANDR
[    25.332] (II) Initializing extension COMPOSITE
[    25.332] (II) Initializing extension DAMAGE
[    25.332] (II) Initializing extension MIT-SCREEN-SAVER
[    25.332] (II) Initializing extension DOUBLE-BUFFER
[    25.333] (II) Initializing extension RECORD
[    25.333] (II) Initializing extension DPMS
[    25.333] (II) Initializing extension Present
[    25.334] (II) Initializing extension DRI3
[    25.334] (II) Initializing extension X-Resource
[    25.334] (II) Initializing extension XVideo
[    25.334] (II) Initializing extension XVideo-MotionCompensation
[    25.334] (II) Initializing extension SELinux
[    25.334] (II) SELinux: Disabled on system
[    25.334] (II) Initializing extension GLX
[    25.334] (II) AIGLX: Screen 0 is not DRI2 capable
[    25.754] (II) IGLX: Loaded and initialized swrast
[    25.754] (II) GLX: Initialized DRISWRAST GL provider for screen 0
[    25.754] (II) Initializing extension XFree86-VidModeExtension
[    25.754] (II) Initializing extension XFree86-DGA
[    25.754] (II) Initializing extension XFree86-DRI
[    25.763] (II) Initializing extension DRI2
[    25.766] (II) vmware(0): Setting screen physical size to 211 x 158
[    26.060] (II) config/udev: Adding input device Power Button (/dev/input/event0)
[    26.060] (**) Power Button: Applying InputClass "libinput keyboard catchall"
[    26.060] (II) LoadModule: "libinput"
[    26.066] (II) Loading /usr/lib/xorg/modules/input/libinput_drv.so
[    26.100] (II) Module libinput: vendor="X.Org Foundation"
[    26.100] 	compiled for 1.20.4, module version = 0.29.0
[    26.100] 	Module class: X.Org XInput Driver
[    26.100] 	ABI class: X.Org XInput driver, version 24.1
[    26.100] (II) Using input driver 'libinput' for 'Power Button'
[    26.101] (II) systemd-logind: got fd for /dev/input/event0 13:64 fd 20 paused 0
[    26.101] (**) Power Button: always reports core events
[    26.101] (**) Option "Device" "/dev/input/event0"
[    26.109] (**) Option "_source" "server/udev"
[    26.159] (II) event0  - Power Button: is tagged by udev as: Keyboard
[    26.159] (II) event0  - Power Button: device is a keyboard
[    26.159] (II) event0  - Power Button: device removed
[    26.159] (**) Option "config_info" "udev:/sys/devices/LNXSYSTM:00/LNXPWRBN:00/input/input0/event0"
[    26.159] (II) XINPUT: Adding extended input device "Power Button" (type: KEYBOARD, id 6)
[    26.159] (**) Option "xkb_model" "pc105"
[    26.159] (**) Option "xkb_layout" "us"
[    26.160] (II) event0  - Power Button: is tagged by udev as: Keyboard
[    26.160] (II) event0  - Power Button: device is a keyboard
[    26.161] (II) config/udev: Adding input device Sleep Button (/dev/input/event1)
[    26.161] (**) Sleep Button: Applying InputClass "libinput keyboard catchall"
[    26.161] (II) Using input driver 'libinput' for 'Sleep Button'
[    26.163] (II) systemd-logind: got fd for /dev/input/event1 13:65 fd 23 paused 0
[    26.163] (**) Sleep Button: always reports core events
[    26.163] (**) Option "Device" "/dev/input/event1"
[    26.163] (**) Option "_source" "server/udev"
[    26.165] (II) event1  - Sleep Button: is tagged by udev as: Keyboard
[    26.165] (II) event1  - Sleep Button: device is a keyboard
[    26.165] (II) event1  - Sleep Button: device removed
[    26.165] (**) Option "config_info" "udev:/sys/devices/LNXSYSTM:00/LNXSLPBN:00/input/input1/event1"
[    26.165] (II) XINPUT: Adding extended input device "Sleep Button" (type: KEYBOARD, id 7)
[    26.165] (**) Option "xkb_model" "pc105"
[    26.165] (**) Option "xkb_layout" "us"
[    26.167] (II) event1  - Sleep Button: is tagged by udev as: Keyboard
[    26.167] (II) event1  - Sleep Button: device is a keyboard
[    26.168] (II) config/udev: Adding input device Video Bus (/dev/input/event3)
[    26.168] (**) Video Bus: Applying InputClass "libinput keyboard catchall"
[    26.168] (II) Using input driver 'libinput' for 'Video Bus'
[    26.170] (II) systemd-logind: got fd for /dev/input/event3 13:67 fd 24 paused 0
[    26.170] (**) Video Bus: always reports core events
[    26.171] (**) Option "Device" "/dev/input/event3"
[    26.171] (**) Option "_source" "server/udev"
[    26.173] (II) event3  - Video Bus: is tagged by udev as: Keyboard
[    26.173] (II) event3  - Video Bus: device is a keyboard
[    26.175] (II) event3  - Video Bus: device removed
[    26.175] (**) Option "config_info" "udev:/sys/devices/LNXSYSTM:00/LNXSYBUS:00/PNP0A03:00/LNXVIDEO:00/input/input4/event3"
[    26.175] (II) XINPUT: Adding extended input device "Video Bus" (type: KEYBOARD, id 8)
[    26.175] (**) Option "xkb_model" "pc105"
[    26.175] (**) Option "xkb_layout" "us"
[    26.177] (II) event3  - Video Bus: is tagged by udev as: Keyboard
[    26.177] (II) event3  - Video Bus: device is a keyboard
[    26.179] (II) config/udev: Adding input device VirtualBox mouse integration (/dev/input/event6)
[    26.179] (**) VirtualBox mouse integration: Applying InputClass "libinput pointer catchall"
[    26.179] (II) Using input driver 'libinput' for 'VirtualBox mouse integration'
[    26.180] (II) systemd-logind: got fd for /dev/input/event6 13:70 fd 25 paused 0
[    26.181] (**) VirtualBox mouse integration: always reports core events
[    26.181] (**) Option "Device" "/dev/input/event6"
[    26.181] (**) Option "_source" "server/udev"
[    26.182] (II) event6  - VirtualBox mouse integration: is tagged by udev as: Mouse
[    26.182] (II) event6  - VirtualBox mouse integration: device is a pointer
[    26.182] (II) event6  - VirtualBox mouse integration: device removed
[    26.182] (**) Option "config_info" "udev:/sys/devices/pci0000:00/0000:00:04.0/input/input7/event6"
[    26.183] (II) XINPUT: Adding extended input device "VirtualBox mouse integration" (type: MOUSE, id 9)
[    26.183] (**) Option "AccelerationScheme" "none"
[    26.183] (**) VirtualBox mouse integration: (accel) selected scheme none/0
[    26.183] (**) VirtualBox mouse integration: (accel) acceleration factor: 2.000
[    26.183] (**) VirtualBox mouse integration: (accel) acceleration threshold: 4
[    26.184] (II) event6  - VirtualBox mouse integration: is tagged by udev as: Mouse
[    26.184] (II) event6  - VirtualBox mouse integration: device is a pointer
[    26.185] (II) config/udev: Adding input device VirtualBox mouse integration (/dev/input/js1)
[    26.185] (II) No input driver specified, ignoring this device.
[    26.185] (II) This device may have been added with another device file.
[    26.185] (II) config/udev: Adding input device VirtualBox mouse integration (/dev/input/mouse2)
[    26.186] (II) No input driver specified, ignoring this device.
[    26.186] (II) This device may have been added with another device file.
[    26.186] (II) config/udev: Adding input device VirtualBox USB Tablet (/dev/input/event5)
[    26.187] (**) VirtualBox USB Tablet: Applying InputClass "libinput pointer catchall"
[    26.187] (II) Using input driver 'libinput' for 'VirtualBox USB Tablet'
[    26.245] (II) systemd-logind: got fd for /dev/input/event5 13:69 fd 26 paused 0
[    26.245] (**) VirtualBox USB Tablet: always reports core events
[    26.245] (**) Option "Device" "/dev/input/event5"
[    26.245] (**) Option "_source" "server/udev"
[    26.247] (II) event5  - VirtualBox USB Tablet: is tagged by udev as: Mouse
[    26.247] (II) event5  - VirtualBox USB Tablet: device is a pointer
[    26.248] (II) event5  - VirtualBox USB Tablet: device removed
[    26.248] (**) Option "config_info" "udev:/sys/devices/pci0000:00/0000:00:06.0/usb2/2-1/2-1:1.0/0003:80EE:0021.0001/input/input6/event5"
[    26.248] (II) XINPUT: Adding extended input device "VirtualBox USB Tablet" (type: MOUSE, id 10)
[    26.248] (**) Option "AccelerationScheme" "none"
[    26.248] (**) VirtualBox USB Tablet: (accel) selected scheme none/0
[    26.248] (**) VirtualBox USB Tablet: (accel) acceleration factor: 2.000
[    26.248] (**) VirtualBox USB Tablet: (accel) acceleration threshold: 4
[    26.250] (II) event5  - VirtualBox USB Tablet: is tagged by udev as: Mouse
[    26.250] (II) event5  - VirtualBox USB Tablet: device is a pointer
[    26.251] (II) config/udev: Adding input device VirtualBox USB Tablet (/dev/input/js0)
[    26.251] (II) No input driver specified, ignoring this device.
[    26.251] (II) This device may have been added with another device file.
[    26.252] (II) config/udev: Adding input device VirtualBox USB Tablet (/dev/input/mouse1)
[    26.252] (II) No input driver specified, ignoring this device.
[    26.252] (II) This device may have been added with another device file.
[    26.253] (II) config/udev: Adding input device AT Translated Set 2 keyboard (/dev/input/event2)
[    26.253] (**) AT Translated Set 2 keyboard: Applying InputClass "libinput keyboard catchall"
[    26.253] (II) Using input driver 'libinput' for 'AT Translated Set 2 keyboard'
[    26.255] (II) systemd-logind: got fd for /dev/input/event2 13:66 fd 27 paused 0
[    26.255] (**) AT Translated Set 2 keyboard: always reports core events
[    26.255] (**) Option "Device" "/dev/input/event2"
[    26.255] (**) Option "_source" "server/udev"
[    26.257] (II) event2  - AT Translated Set 2 keyboard: is tagged by udev as: Keyboard
[    26.257] (II) event2  - AT Translated Set 2 keyboard: device is a keyboard
[    26.257] (II) event2  - AT Translated Set 2 keyboard: device removed
[    26.257] (**) Option "config_info" "udev:/sys/devices/platform/i8042/serio0/input/input2/event2"
[    26.258] (II) XINPUT: Adding extended input device "AT Translated Set 2 keyboard" (type: KEYBOARD, id 11)
[    26.258] (**) Option "xkb_model" "pc105"
[    26.258] (**) Option "xkb_layout" "us"
[    26.260] (II) event2  - AT Translated Set 2 keyboard: is tagged by udev as: Keyboard
[    26.260] (II) event2  - AT Translated Set 2 keyboard: device is a keyboard
[    26.261] (II) config/udev: Adding input device ImExPS/2 Generic Explorer Mouse (/dev/input/event4)
[    26.261] (**) ImExPS/2 Generic Explorer Mouse: Applying InputClass "libinput pointer catchall"
[    26.261] (II) Using input driver 'libinput' for 'ImExPS/2 Generic Explorer Mouse'
[    26.262] (II) systemd-logind: got fd for /dev/input/event4 13:68 fd 28 paused 0
[    26.262] (**) ImExPS/2 Generic Explorer Mouse: always reports core events
[    26.262] (**) Option "Device" "/dev/input/event4"
[    26.262] (**) Option "_source" "server/udev"
[    26.263] (II) event4  - ImExPS/2 Generic Explorer Mouse: is tagged by udev as: Mouse
[    26.263] (II) event4  - ImExPS/2 Generic Explorer Mouse: device is a pointer
[    26.263] (II) event4  - ImExPS/2 Generic Explorer Mouse: device removed
[    26.264] (**) Option "config_info" "udev:/sys/devices/platform/i8042/serio1/input/input5/event4"
[    26.264] (II) XINPUT: Adding extended input device "ImExPS/2 Generic Explorer Mouse" (type: MOUSE, id 12)
[    26.264] (**) Option "AccelerationScheme" "none"
[    26.264] (**) ImExPS/2 Generic Explorer Mouse: (accel) selected scheme none/0
[    26.264] (**) ImExPS/2 Generic Explorer Mouse: (accel) acceleration factor: 2.000
[    26.264] (**) ImExPS/2 Generic Explorer Mouse: (accel) acceleration threshold: 4
[    26.265] (II) event4  - ImExPS/2 Generic Explorer Mouse: is tagged by udev as: Mouse
[    26.265] (II) event4  - ImExPS/2 Generic Explorer Mouse: device is a pointer
[    26.266] (II) config/udev: Adding input device ImExPS/2 Generic Explorer Mouse (/dev/input/mouse0)
[    26.266] (II) No input driver specified, ignoring this device.
[    26.266] (II) This device may have been added with another device file.
[    30.535] (EE) No surface to present from.
